::1 - - [22/May/2020:10:19:42 +0000] "GET /api/getTotalPlantation HTTP/1.1" 200 29 "-" "Mozilla/5.0 (Windows NT 10.0; Win64; x64; rv:76.0) Gecko/20100101 Firefox/76.0"
::1 - - [22/May/2020:10:20:04 +0000] "GET /api/getTotalPlantationAvec1Paiement HTTP/1.1" 200 46 "-" "Mozilla/5.0 (Windows NT 10.0; Win64; x64; rv:76.0) Gecko/20100101 Firefox/76.0"
::1 - - [22/May/2020:10:20:17 +0000] "GET /api/getTotalPlantationEtatEgaleAZero HTTP/1.1" 200 35 "-" "Mozilla/5.0 (Windows NT 10.0; Win64; x64; rv:76.0) Gecko/20100101 Firefox/76.0"
::1 - - [22/May/2020:10:42:44 +0000] "GET /api/getTotalPlantation HTTP/1.1" 200 29 "-" "Mozilla/5.0 (Windows NT 10.0; Win64; x64; rv:76.0) Gecko/20100101 Firefox/76.0"
::1 - - [22/May/2020:10:43:16 +0000] "GET /api/getTotalPlantationAvec1Paiement HTTP/1.1" 200 46 "-" "Mozilla/5.0 (Windows NT 10.0; Win64; x64; rv:76.0) Gecko/20100101 Firefox/76.0"
::1 - - [22/May/2020:10:43:43 +0000] "GET /api/getTotalPlantationEtatEgaleAZero HTTP/1.1" 200 35 "-" "Mozilla/5.0 (Windows NT 10.0; Win64; x64; rv:76.0) Gecko/20100101 Firefox/76.0"
::1 - - [22/May/2020:10:44:03 +0000] "GET /api/getTotalPlantationEtatEgaleAUn HTTP/1.1" 200 39 "-" "Mozilla/5.0 (Windows NT 10.0; Win64; x64; rv:76.0) Gecko/20100101 Firefox/76.0"
::1 - - [22/May/2020:10:44:43 +0000] "GET /api/getTotalPlantationEtatEgaleADeux HTTP/1.1" 200 35 "-" "Mozilla/5.0 (Windows NT 10.0; Win64; x64; rv:76.0) Gecko/20100101 Firefox/76.0"
::1 - - [22/May/2020:10:45:06 +0000] "GET /api/getTotalMontantPrevisionnel HTTP/1.1" 200 44 "-" "Mozilla/5.0 (Windows NT 10.0; Win64; x64; rv:76.0) Gecko/20100101 Firefox/76.0"
::1 - - [22/May/2020:10:45:39 +0000] "GET /api/getTotalMontantPercu HTTP/1.1" 200 35 "-" "Mozilla/5.0 (Windows NT 10.0; Win64; x64; rv:76.0) Gecko/20100101 Firefox/76.0"
::1 - - [22/May/2020:10:46:16 +0000] "GET /api/getTotalMontantPercuAvecPlantationEtatEgaleAZero HTTP/1.1" 200 60 "-" "Mozilla/5.0 (Windows NT 10.0; Win64; x64; rv:76.0) Gecko/20100101 Firefox/76.0"
::1 - - [22/May/2020:10:47:01 +0000] "GET /api/getTotalMontantPercuAvecPlantationEtatEgaleAUn HTTP/1.1" 200 63 "-" "Mozilla/5.0 (Windows NT 10.0; Win64; x64; rv:76.0) Gecko/20100101 Firefox/76.0"
::1 - - [22/May/2020:10:47:21 +0000] "GET /api/getTotalMontantPercuAvecPlantationEtatEgaleADeux HTTP/1.1" 200 61 "-" "Mozilla/5.0 (Windows NT 10.0; Win64; x64; rv:76.0) Gecko/20100101 Firefox/76.0"
::1 - - [22/May/2020:11:55:29 +0000] "GET /api/getTotalPlantation HTTP/1.1" 200 29 "-" "Mozilla/5.0 (Windows NT 10.0; Win64; x64; rv:76.0) Gecko/20100101 Firefox/76.0"
::1 - - [22/May/2020:11:55:37 +0000] "GET /api/getTotalPlantation HTTP/1.1" 200 29 "-" "Mozilla/5.0 (Windows NT 10.0; Win64; x64; rv:76.0) Gecko/20100101 Firefox/76.0"
::1 - - [22/May/2020:11:56:26 +0000] "GET /api/getTotalPlantation HTTP/1.1" 200 29 "-" "Mozilla/5.0 (Windows NT 10.0; Win64; x64; rv:76.0) Gecko/20100101 Firefox/76.0"
::1 - - [22/May/2020:11:57:09 +0000] "GET /api/getTotalPlantation HTTP/1.1" 200 29 "-" "Mozilla/5.0 (Windows NT 10.0; Win64; x64; rv:76.0) Gecko/20100101 Firefox/76.0"
::1 - - [22/May/2020:11:57:36 +0000] "GET /api/getTotalPlantation HTTP/1.1" 200 29 "-" "Mozilla/5.0 (Windows NT 10.0; Win64; x64; rv:76.0) Gecko/20100101 Firefox/76.0"
::1 - - [22/May/2020:11:58:04 +0000] "GET /api/getTotalPlantation HTTP/1.1" 200 29 "-" "Mozilla/5.0 (Windows NT 10.0; Win64; x64; rv:76.0) Gecko/20100101 Firefox/76.0"
::1 - - [22/May/2020:11:59:11 +0000] "GET /api/getTotalPlantation HTTP/1.1" 200 29 "-" "Mozilla/5.0 (Windows NT 10.0; Win64; x64; rv:76.0) Gecko/20100101 Firefox/76.0"
::1 - - [22/May/2020:12:00:06 +0000] "GET /api/getTotalPlantation HTTP/1.1" 200 29 "-" "Mozilla/5.0 (Windows NT 10.0; Win64; x64; rv:76.0) Gecko/20100101 Firefox/76.0"
::1 - - [22/May/2020:12:03:32 +0000] "GET /api/getTotalPlantationAvec1Paiement HTTP/1.1" - - "-" "Mozilla/5.0 (Windows NT 10.0; Win64; x64; rv:76.0) Gecko/20100101 Firefox/76.0"
::1 - - [22/May/2020:12:03:32 +0000] "GET /api/getTotalPlantation HTTP/1.1" - - "-" "Mozilla/5.0 (Windows NT 10.0; Win64; x64; rv:76.0) Gecko/20100101 Firefox/76.0"
::1 - - [22/May/2020:12:03:33 +0000] "GET /api/getTotalPlantationAvec1Paiement HTTP/1.1" 200 46 "-" "Mozilla/5.0 (Windows NT 10.0; Win64; x64; rv:76.0) Gecko/20100101 Firefox/76.0"
::1 - - [22/May/2020:12:03:33 +0000] "GET /api/getTotalPlantation HTTP/1.1" 200 29 "-" "Mozilla/5.0 (Windows NT 10.0; Win64; x64; rv:76.0) Gecko/20100101 Firefox/76.0"
::1 - - [22/May/2020:12:07:44 +0000] "GET /api/getTotalPlantationAvec1Paiement HTTP/1.1" - - "-" "Mozilla/5.0 (Windows NT 10.0; Win64; x64; rv:76.0) Gecko/20100101 Firefox/76.0"
::1 - - [22/May/2020:12:07:44 +0000] "GET /api/getTotalPlantationEtatEgaleAZero HTTP/1.1" - - "-" "Mozilla/5.0 (Windows NT 10.0; Win64; x64; rv:76.0) Gecko/20100101 Firefox/76.0"
::1 - - [22/May/2020:12:07:44 +0000] "GET /api/getTotalPlantation HTTP/1.1" - - "-" "Mozilla/5.0 (Windows NT 10.0; Win64; x64; rv:76.0) Gecko/20100101 Firefox/76.0"
::1 - - [22/May/2020:12:07:46 +0000] "GET /api/getTotalPlantation HTTP/1.1" 304 - "-" "Mozilla/5.0 (Windows NT 10.0; Win64; x64; rv:76.0) Gecko/20100101 Firefox/76.0"
::1 - - [22/May/2020:12:07:47 +0000] "GET /api/getTotalPlantationEtatEgaleAZero HTTP/1.1" 200 35 "-" "Mozilla/5.0 (Windows NT 10.0; Win64; x64; rv:76.0) Gecko/20100101 Firefox/76.0"
::1 - - [22/May/2020:12:07:47 +0000] "GET /api/getTotalPlantationAvec1Paiement HTTP/1.1" 304 - "-" "Mozilla/5.0 (Windows NT 10.0; Win64; x64; rv:76.0) Gecko/20100101 Firefox/76.0"
::1 - - [22/May/2020:12:12:31 +0000] "GET /api/getTotalPlantationEtatEgaleAZero HTTP/1.1" - - "-" "Mozilla/5.0 (Windows NT 10.0; Win64; x64; rv:76.0) Gecko/20100101 Firefox/76.0"
::1 - - [22/May/2020:12:12:31 +0000] "GET /api/getTotalPlantationAvec1Paiement HTTP/1.1" - - "-" "Mozilla/5.0 (Windows NT 10.0; Win64; x64; rv:76.0) Gecko/20100101 Firefox/76.0"
::1 - - [22/May/2020:12:12:31 +0000] "GET /api/getTotalPlantation HTTP/1.1" - - "-" "Mozilla/5.0 (Windows NT 10.0; Win64; x64; rv:76.0) Gecko/20100101 Firefox/76.0"
::1 - - [22/May/2020:12:12:31 +0000] "GET /api/getTotalPlantationEtatEgaleAUn HTTP/1.1" - - "-" "Mozilla/5.0 (Windows NT 10.0; Win64; x64; rv:76.0) Gecko/20100101 Firefox/76.0"
::1 - - [22/May/2020:12:12:31 +0000] "GET /api/getTotalPlantationEtatEgaleADeux HTTP/1.1" - - "-" "Mozilla/5.0 (Windows NT 10.0; Win64; x64; rv:76.0) Gecko/20100101 Firefox/76.0"
::1 - - [22/May/2020:12:12:32 +0000] "GET /api/getTotalPlantation HTTP/1.1" - - "-" "Mozilla/5.0 (Windows NT 10.0; Win64; x64; rv:76.0) Gecko/20100101 Firefox/76.0"
::1 - - [22/May/2020:12:12:32 +0000] "GET /api/getTotalPlantationAvec1Paiement HTTP/1.1" - - "-" "Mozilla/5.0 (Windows NT 10.0; Win64; x64; rv:76.0) Gecko/20100101 Firefox/76.0"
::1 - - [22/May/2020:12:12:32 +0000] "GET /api/getTotalPlantationEtatEgaleADeux HTTP/1.1" - - "-" "Mozilla/5.0 (Windows NT 10.0; Win64; x64; rv:76.0) Gecko/20100101 Firefox/76.0"
::1 - - [22/May/2020:12:12:32 +0000] "GET /api/getTotalPlantationEtatEgaleAZero HTTP/1.1" - - "-" "Mozilla/5.0 (Windows NT 10.0; Win64; x64; rv:76.0) Gecko/20100101 Firefox/76.0"
::1 - - [22/May/2020:12:12:32 +0000] "GET /api/getTotalPlantationEtatEgaleAUn HTTP/1.1" - - "-" "Mozilla/5.0 (Windows NT 10.0; Win64; x64; rv:76.0) Gecko/20100101 Firefox/76.0"
::1 - - [22/May/2020:12:12:33 +0000] "GET /api/getTotalPlantation HTTP/1.1" 304 - "-" "Mozilla/5.0 (Windows NT 10.0; Win64; x64; rv:76.0) Gecko/20100101 Firefox/76.0"
::1 - - [22/May/2020:12:12:33 +0000] "GET /api/getTotalPlantationAvec1Paiement HTTP/1.1" 304 - "-" "Mozilla/5.0 (Windows NT 10.0; Win64; x64; rv:76.0) Gecko/20100101 Firefox/76.0"
::1 - - [22/May/2020:12:12:33 +0000] "GET /api/getTotalPlantationEtatEgaleAZero HTTP/1.1" 304 - "-" "Mozilla/5.0 (Windows NT 10.0; Win64; x64; rv:76.0) Gecko/20100101 Firefox/76.0"
::1 - - [22/May/2020:12:12:33 +0000] "GET /api/getTotalPlantationEtatEgaleAUn HTTP/1.1" 200 39 "-" "Mozilla/5.0 (Windows NT 10.0; Win64; x64; rv:76.0) Gecko/20100101 Firefox/76.0"
::1 - - [22/May/2020:12:12:33 +0000] "GET /api/getTotalPlantationEtatEgaleADeux HTTP/1.1" 200 35 "-" "Mozilla/5.0 (Windows NT 10.0; Win64; x64; rv:76.0) Gecko/20100101 Firefox/76.0"
::1 - - [22/May/2020:12:12:35 +0000] "GET /api/getTotalPlantationAvec1Paiement HTTP/1.1" 304 - "-" "Mozilla/5.0 (Windows NT 10.0; Win64; x64; rv:76.0) Gecko/20100101 Firefox/76.0"
::1 - - [22/May/2020:12:12:35 +0000] "GET /api/getTotalPlantationEtatEgaleAZero HTTP/1.1" 304 - "-" "Mozilla/5.0 (Windows NT 10.0; Win64; x64; rv:76.0) Gecko/20100101 Firefox/76.0"
::1 - - [22/May/2020:12:12:35 +0000] "GET /api/getTotalPlantation HTTP/1.1" 304 - "-" "Mozilla/5.0 (Windows NT 10.0; Win64; x64; rv:76.0) Gecko/20100101 Firefox/76.0"
::1 - - [22/May/2020:12:12:35 +0000] "GET /api/getTotalPlantationEtatEgaleAUn HTTP/1.1" 304 - "-" "Mozilla/5.0 (Windows NT 10.0; Win64; x64; rv:76.0) Gecko/20100101 Firefox/76.0"
::1 - - [22/May/2020:12:12:35 +0000] "GET /api/getTotalPlantationEtatEgaleADeux HTTP/1.1" 304 - "-" "Mozilla/5.0 (Windows NT 10.0; Win64; x64; rv:76.0) Gecko/20100101 Firefox/76.0"
::1 - - [22/May/2020:12:12:37 +0000] "GET /api/getTotalPlantationEtatEgaleAZero HTTP/1.1" 304 - "-" "Mozilla/5.0 (Windows NT 10.0; Win64; x64; rv:76.0) Gecko/20100101 Firefox/76.0"
::1 - - [22/May/2020:12:12:37 +0000] "GET /api/getTotalPlantation HTTP/1.1" 304 - "-" "Mozilla/5.0 (Windows NT 10.0; Win64; x64; rv:76.0) Gecko/20100101 Firefox/76.0"
::1 - - [22/May/2020:12:12:37 +0000] "GET /api/getTotalPlantationEtatEgaleAUn HTTP/1.1" 304 - "-" "Mozilla/5.0 (Windows NT 10.0; Win64; x64; rv:76.0) Gecko/20100101 Firefox/76.0"
::1 - - [22/May/2020:12:12:37 +0000] "GET /api/getTotalPlantationAvec1Paiement HTTP/1.1" 304 - "-" "Mozilla/5.0 (Windows NT 10.0; Win64; x64; rv:76.0) Gecko/20100101 Firefox/76.0"
::1 - - [22/May/2020:12:12:37 +0000] "GET /api/getTotalPlantationEtatEgaleADeux HTTP/1.1" 304 - "-" "Mozilla/5.0 (Windows NT 10.0; Win64; x64; rv:76.0) Gecko/20100101 Firefox/76.0"
::1 - - [22/May/2020:12:12:40 +0000] "GET /api/getTotalPlantationAvec1Paiement HTTP/1.1" 304 - "-" "Mozilla/5.0 (Windows NT 10.0; Win64; x64; rv:76.0) Gecko/20100101 Firefox/76.0"
::1 - - [22/May/2020:12:12:40 +0000] "GET /api/getTotalPlantation HTTP/1.1" 304 - "-" "Mozilla/5.0 (Windows NT 10.0; Win64; x64; rv:76.0) Gecko/20100101 Firefox/76.0"
::1 - - [22/May/2020:12:12:40 +0000] "GET /api/getTotalPlantationEtatEgaleAZero HTTP/1.1" 304 - "-" "Mozilla/5.0 (Windows NT 10.0; Win64; x64; rv:76.0) Gecko/20100101 Firefox/76.0"
::1 - - [22/May/2020:12:12:40 +0000] "GET /api/getTotalPlantationEtatEgaleAUn HTTP/1.1" 304 - "-" "Mozilla/5.0 (Windows NT 10.0; Win64; x64; rv:76.0) Gecko/20100101 Firefox/76.0"
::1 - - [22/May/2020:12:12:40 +0000] "GET /api/getTotalPlantationEtatEgaleADeux HTTP/1.1" 304 - "-" "Mozilla/5.0 (Windows NT 10.0; Win64; x64; rv:76.0) Gecko/20100101 Firefox/76.0"
::1 - - [22/May/2020:12:17:27 +0000] "GET /api/getTotalPlantation HTTP/1.1" 304 - "-" "Mozilla/5.0 (Windows NT 10.0; Win64; x64; rv:76.0) Gecko/20100101 Firefox/76.0"
::1 - - [22/May/2020:12:17:27 +0000] "GET /api/getTotalPlantationAvec1Paiement HTTP/1.1" 304 - "-" "Mozilla/5.0 (Windows NT 10.0; Win64; x64; rv:76.0) Gecko/20100101 Firefox/76.0"
::1 - - [22/May/2020:12:17:27 +0000] "GET /api/getTotalPlantationEtatEgaleAUn HTTP/1.1" 304 - "-" "Mozilla/5.0 (Windows NT 10.0; Win64; x64; rv:76.0) Gecko/20100101 Firefox/76.0"
::1 - - [22/May/2020:12:17:27 +0000] "GET /api/getTotalPlantationEtatEgaleAZero HTTP/1.1" 304 - "-" "Mozilla/5.0 (Windows NT 10.0; Win64; x64; rv:76.0) Gecko/20100101 Firefox/76.0"
::1 - - [22/May/2020:12:17:27 +0000] "GET /api/getTotalPlantationEtatEgaleADeux HTTP/1.1" 304 - "-" "Mozilla/5.0 (Windows NT 10.0; Win64; x64; rv:76.0) Gecko/20100101 Firefox/76.0"
::1 - - [22/May/2020:12:17:27 +0000] "GET /api/getTotalMontantPrevisionnel HTTP/1.1" 200 44 "-" "Mozilla/5.0 (Windows NT 10.0; Win64; x64; rv:76.0) Gecko/20100101 Firefox/76.0"
::1 - - [22/May/2020:12:18:07 +0000] "GET /api/getTotalPlantation HTTP/1.1" 304 - "-" "Mozilla/5.0 (Windows NT 10.0; Win64; x64; rv:76.0) Gecko/20100101 Firefox/76.0"
::1 - - [22/May/2020:12:18:07 +0000] "GET /api/getTotalPlantationAvec1Paiement HTTP/1.1" 304 - "-" "Mozilla/5.0 (Windows NT 10.0; Win64; x64; rv:76.0) Gecko/20100101 Firefox/76.0"
::1 - - [22/May/2020:12:18:07 +0000] "GET /api/getTotalPlantationEtatEgaleAZero HTTP/1.1" 304 - "-" "Mozilla/5.0 (Windows NT 10.0; Win64; x64; rv:76.0) Gecko/20100101 Firefox/76.0"
::1 - - [22/May/2020:12:18:07 +0000] "GET /api/getTotalPlantationEtatEgaleADeux HTTP/1.1" 304 - "-" "Mozilla/5.0 (Windows NT 10.0; Win64; x64; rv:76.0) Gecko/20100101 Firefox/76.0"
::1 - - [22/May/2020:12:18:07 +0000] "GET /api/getTotalPlantationEtatEgaleAUn HTTP/1.1" 304 - "-" "Mozilla/5.0 (Windows NT 10.0; Win64; x64; rv:76.0) Gecko/20100101 Firefox/76.0"
::1 - - [22/May/2020:12:18:07 +0000] "GET /api/getTotalMontantPrevisionnel HTTP/1.1" 304 - "-" "Mozilla/5.0 (Windows NT 10.0; Win64; x64; rv:76.0) Gecko/20100101 Firefox/76.0"
::1 - - [22/May/2020:12:27:11 +0000] "GET /api/getTotalPlantationAvec1Paiement HTTP/1.1" 304 - "-" "Mozilla/5.0 (Windows NT 10.0; Win64; x64; rv:76.0) Gecko/20100101 Firefox/76.0"
::1 - - [22/May/2020:12:27:11 +0000] "GET /api/getTotalPlantationEtatEgaleAZero HTTP/1.1" 304 - "-" "Mozilla/5.0 (Windows NT 10.0; Win64; x64; rv:76.0) Gecko/20100101 Firefox/76.0"
::1 - - [22/May/2020:12:27:11 +0000] "GET /api/getTotalPlantation HTTP/1.1" 304 - "-" "Mozilla/5.0 (Windows NT 10.0; Win64; x64; rv:76.0) Gecko/20100101 Firefox/76.0"
::1 - - [22/May/2020:12:27:11 +0000] "GET /api/getTotalPlantationEtatEgaleAUn HTTP/1.1" 304 - "-" "Mozilla/5.0 (Windows NT 10.0; Win64; x64; rv:76.0) Gecko/20100101 Firefox/76.0"
::1 - - [22/May/2020:12:27:11 +0000] "GET /api/getTotalMontantPercuAvecPlantationEtatEgaleAZero HTTP/1.1" 200 60 "-" "Mozilla/5.0 (Windows NT 10.0; Win64; x64; rv:76.0) Gecko/20100101 Firefox/76.0"
::1 - - [22/May/2020:12:27:11 +0000] "GET /api/getTotalMontantPercu HTTP/1.1" 200 35 "-" "Mozilla/5.0 (Windows NT 10.0; Win64; x64; rv:76.0) Gecko/20100101 Firefox/76.0"
::1 - - [22/May/2020:12:27:11 +0000] "GET /api/getTotalPlantationEtatEgaleADeux HTTP/1.1" 304 - "-" "Mozilla/5.0 (Windows NT 10.0; Win64; x64; rv:76.0) Gecko/20100101 Firefox/76.0"
::1 - - [22/May/2020:12:27:11 +0000] "GET /api/getTotalMontantPercuAvecPlantationEtatEgaleAUn HTTP/1.1" 200 63 "-" "Mozilla/5.0 (Windows NT 10.0; Win64; x64; rv:76.0) Gecko/20100101 Firefox/76.0"
::1 - - [22/May/2020:12:27:11 +0000] "GET /api/getTotalMontantPercuAvecPlantationEtatEgaleADeux HTTP/1.1" 200 61 "-" "Mozilla/5.0 (Windows NT 10.0; Win64; x64; rv:76.0) Gecko/20100101 Firefox/76.0"
::1 - - [22/May/2020:12:27:11 +0000] "GET /api/getTotalMontantPrevisionnel HTTP/1.1" 304 - "-" "Mozilla/5.0 (Windows NT 10.0; Win64; x64; rv:76.0) Gecko/20100101 Firefox/76.0"
::1 - - [22/May/2020:12:30:00 +0000] "GET /api/getTotalPlantationAvec1Paiement HTTP/1.1" 304 - "-" "Mozilla/5.0 (Windows NT 10.0; Win64; x64; rv:76.0) Gecko/20100101 Firefox/76.0"
::1 - - [22/May/2020:12:30:00 +0000] "GET /api/getTotalPlantation HTTP/1.1" 304 - "-" "Mozilla/5.0 (Windows NT 10.0; Win64; x64; rv:76.0) Gecko/20100101 Firefox/76.0"
::1 - - [22/May/2020:12:30:00 +0000] "GET /api/getTotalPlantationEtatEgaleAUn HTTP/1.1" 304 - "-" "Mozilla/5.0 (Windows NT 10.0; Win64; x64; rv:76.0) Gecko/20100101 Firefox/76.0"
::1 - - [22/May/2020:12:30:00 +0000] "GET /api/getTotalPlantationEtatEgaleAZero HTTP/1.1" 304 - "-" "Mozilla/5.0 (Windows NT 10.0; Win64; x64; rv:76.0) Gecko/20100101 Firefox/76.0"
::1 - - [22/May/2020:12:30:00 +0000] "GET /api/getTotalPlantationEtatEgaleADeux HTTP/1.1" 304 - "-" "Mozilla/5.0 (Windows NT 10.0; Win64; x64; rv:76.0) Gecko/20100101 Firefox/76.0"
::1 - - [22/May/2020:12:30:00 +0000] "GET /api/getTotalMontantPercuAvecPlantationEtatEgaleAZero HTTP/1.1" 304 - "-" "Mozilla/5.0 (Windows NT 10.0; Win64; x64; rv:76.0) Gecko/20100101 Firefox/76.0"
::1 - - [22/May/2020:12:30:00 +0000] "GET /api/getTotalMontantPercu HTTP/1.1" 304 - "-" "Mozilla/5.0 (Windows NT 10.0; Win64; x64; rv:76.0) Gecko/20100101 Firefox/76.0"
::1 - - [22/May/2020:12:30:00 +0000] "GET /api/getTotalMontantPrevisionnel HTTP/1.1" 304 - "-" "Mozilla/5.0 (Windows NT 10.0; Win64; x64; rv:76.0) Gecko/20100101 Firefox/76.0"
::1 - - [22/May/2020:12:30:00 +0000] "GET /api/getTotalMontantPercuAvecPlantationEtatEgaleADeux HTTP/1.1" 304 - "-" "Mozilla/5.0 (Windows NT 10.0; Win64; x64; rv:76.0) Gecko/20100101 Firefox/76.0"
::1 - - [22/May/2020:12:30:00 +0000] "GET /api/getTotalMontantPercuAvecPlantationEtatEgaleAUn HTTP/1.1" 304 - "-" "Mozilla/5.0 (Windows NT 10.0; Win64; x64; rv:76.0) Gecko/20100101 Firefox/76.0"
::1 - - [22/May/2020:12:30:28 +0000] "GET /api/getTotalPlantation HTTP/1.1" 304 - "-" "Mozilla/5.0 (Windows NT 10.0; Win64; x64; rv:76.0) Gecko/20100101 Firefox/76.0"
::1 - - [22/May/2020:12:30:28 +0000] "GET /api/getTotalPlantationEtatEgaleAUn HTTP/1.1" 304 - "-" "Mozilla/5.0 (Windows NT 10.0; Win64; x64; rv:76.0) Gecko/20100101 Firefox/76.0"
::1 - - [22/May/2020:12:30:28 +0000] "GET /api/getTotalPlantationAvec1Paiement HTTP/1.1" 304 - "-" "Mozilla/5.0 (Windows NT 10.0; Win64; x64; rv:76.0) Gecko/20100101 Firefox/76.0"
::1 - - [22/May/2020:12:30:28 +0000] "GET /api/getTotalPlantationEtatEgaleAZero HTTP/1.1" 304 - "-" "Mozilla/5.0 (Windows NT 10.0; Win64; x64; rv:76.0) Gecko/20100101 Firefox/76.0"
::1 - - [22/May/2020:12:30:28 +0000] "GET /api/getTotalPlantationEtatEgaleADeux HTTP/1.1" 304 - "-" "Mozilla/5.0 (Windows NT 10.0; Win64; x64; rv:76.0) Gecko/20100101 Firefox/76.0"
::1 - - [22/May/2020:12:30:28 +0000] "GET /api/getTotalMontantPrevisionnel HTTP/1.1" 304 - "-" "Mozilla/5.0 (Windows NT 10.0; Win64; x64; rv:76.0) Gecko/20100101 Firefox/76.0"
::1 - - [22/May/2020:12:30:28 +0000] "GET /api/getTotalMontantPercu HTTP/1.1" 304 - "-" "Mozilla/5.0 (Windows NT 10.0; Win64; x64; rv:76.0) Gecko/20100101 Firefox/76.0"
::1 - - [22/May/2020:12:30:28 +0000] "GET /api/getTotalMontantPercuAvecPlantationEtatEgaleAZero HTTP/1.1" 304 - "-" "Mozilla/5.0 (Windows NT 10.0; Win64; x64; rv:76.0) Gecko/20100101 Firefox/76.0"
::1 - - [22/May/2020:12:30:28 +0000] "GET /api/getTotalMontantPercuAvecPlantationEtatEgaleADeux HTTP/1.1" 304 - "-" "Mozilla/5.0 (Windows NT 10.0; Win64; x64; rv:76.0) Gecko/20100101 Firefox/76.0"
::1 - - [22/May/2020:12:30:28 +0000] "GET /api/getTotalMontantPercuAvecPlantationEtatEgaleAUn HTTP/1.1" 304 - "-" "Mozilla/5.0 (Windows NT 10.0; Win64; x64; rv:76.0) Gecko/20100101 Firefox/76.0"
::1 - - [22/May/2020:12:38:42 +0000] "GET /api/getTotalPlantationEtatEgaleAZero HTTP/1.1" 304 - "-" "Mozilla/5.0 (Windows NT 10.0; Win64; x64; rv:76.0) Gecko/20100101 Firefox/76.0"
::1 - - [22/May/2020:12:38:42 +0000] "GET /api/getTotalPlantationAvec1Paiement HTTP/1.1" 304 - "-" "Mozilla/5.0 (Windows NT 10.0; Win64; x64; rv:76.0) Gecko/20100101 Firefox/76.0"
::1 - - [22/May/2020:12:38:42 +0000] "GET /api/getTotalPlantation HTTP/1.1" 304 - "-" "Mozilla/5.0 (Windows NT 10.0; Win64; x64; rv:76.0) Gecko/20100101 Firefox/76.0"
::1 - - [22/May/2020:12:38:42 +0000] "GET /api/getTotalPlantationEtatEgaleAUn HTTP/1.1" 304 - "-" "Mozilla/5.0 (Windows NT 10.0; Win64; x64; rv:76.0) Gecko/20100101 Firefox/76.0"
::1 - - [22/May/2020:12:38:42 +0000] "GET /api/getTotalPlantationEtatEgaleADeux HTTP/1.1" 304 - "-" "Mozilla/5.0 (Windows NT 10.0; Win64; x64; rv:76.0) Gecko/20100101 Firefox/76.0"
::1 - - [22/May/2020:12:38:42 +0000] "GET /api/getTotalMontantPrevisionnel HTTP/1.1" 304 - "-" "Mozilla/5.0 (Windows NT 10.0; Win64; x64; rv:76.0) Gecko/20100101 Firefox/76.0"
::1 - - [22/May/2020:12:38:42 +0000] "GET /api/getTotalMontantPercuAvecPlantationEtatEgaleAZero HTTP/1.1" 304 - "-" "Mozilla/5.0 (Windows NT 10.0; Win64; x64; rv:76.0) Gecko/20100101 Firefox/76.0"
::1 - - [22/May/2020:12:38:42 +0000] "GET /api/getTotalMontantPercuAvecPlantationEtatEgaleADeux HTTP/1.1" 304 - "-" "Mozilla/5.0 (Windows NT 10.0; Win64; x64; rv:76.0) Gecko/20100101 Firefox/76.0"
::1 - - [22/May/2020:12:38:42 +0000] "GET /api/getTotalMontantPercu HTTP/1.1" 304 - "-" "Mozilla/5.0 (Windows NT 10.0; Win64; x64; rv:76.0) Gecko/20100101 Firefox/76.0"
::1 - - [22/May/2020:12:38:42 +0000] "GET /api/getTotalMontantPercuAvecPlantationEtatEgaleAUn HTTP/1.1" 304 - "-" "Mozilla/5.0 (Windows NT 10.0; Win64; x64; rv:76.0) Gecko/20100101 Firefox/76.0"
::1 - - [22/May/2020:12:40:36 +0000] "GET /api/getTotalPlantationEtatEgaleAZero HTTP/1.1" 304 - "-" "Mozilla/5.0 (Windows NT 10.0; Win64; x64; rv:76.0) Gecko/20100101 Firefox/76.0"
::1 - - [22/May/2020:12:40:36 +0000] "GET /api/getTotalPlantation HTTP/1.1" 304 - "-" "Mozilla/5.0 (Windows NT 10.0; Win64; x64; rv:76.0) Gecko/20100101 Firefox/76.0"
::1 - - [22/May/2020:12:40:36 +0000] "GET /api/getTotalPlantationAvec1Paiement HTTP/1.1" 304 - "-" "Mozilla/5.0 (Windows NT 10.0; Win64; x64; rv:76.0) Gecko/20100101 Firefox/76.0"
::1 - - [22/May/2020:12:40:36 +0000] "GET /api/getTotalPlantationEtatEgaleAUn HTTP/1.1" 304 - "-" "Mozilla/5.0 (Windows NT 10.0; Win64; x64; rv:76.0) Gecko/20100101 Firefox/76.0"
::1 - - [22/May/2020:12:40:36 +0000] "GET /api/getTotalPlantationEtatEgaleADeux HTTP/1.1" 304 - "-" "Mozilla/5.0 (Windows NT 10.0; Win64; x64; rv:76.0) Gecko/20100101 Firefox/76.0"
::1 - - [22/May/2020:12:40:36 +0000] "GET /api/getTotalMontantPercu HTTP/1.1" 304 - "-" "Mozilla/5.0 (Windows NT 10.0; Win64; x64; rv:76.0) Gecko/20100101 Firefox/76.0"
::1 - - [22/May/2020:12:40:36 +0000] "GET /api/getTotalMontantPercuAvecPlantationEtatEgaleAZero HTTP/1.1" 304 - "-" "Mozilla/5.0 (Windows NT 10.0; Win64; x64; rv:76.0) Gecko/20100101 Firefox/76.0"
::1 - - [22/May/2020:12:40:36 +0000] "GET /api/getTotalMontantPrevisionnel HTTP/1.1" 304 - "-" "Mozilla/5.0 (Windows NT 10.0; Win64; x64; rv:76.0) Gecko/20100101 Firefox/76.0"
::1 - - [22/May/2020:12:40:36 +0000] "GET /api/getTotalMontantPercuAvecPlantationEtatEgaleADeux HTTP/1.1" 304 - "-" "Mozilla/5.0 (Windows NT 10.0; Win64; x64; rv:76.0) Gecko/20100101 Firefox/76.0"
::1 - - [22/May/2020:12:40:36 +0000] "GET /api/getTotalMontantPercuAvecPlantationEtatEgaleAUn HTTP/1.1" 304 - "-" "Mozilla/5.0 (Windows NT 10.0; Win64; x64; rv:76.0) Gecko/20100101 Firefox/76.0"
::1 - - [22/May/2020:12:43:10 +0000] "GET /api/getTotalPlantationAvec1Paiement HTTP/1.1" 304 - "-" "Mozilla/5.0 (Windows NT 10.0; Win64; x64; rv:76.0) Gecko/20100101 Firefox/76.0"
::1 - - [22/May/2020:12:43:10 +0000] "GET /api/getTotalPlantationEtatEgaleAZero HTTP/1.1" 304 - "-" "Mozilla/5.0 (Windows NT 10.0; Win64; x64; rv:76.0) Gecko/20100101 Firefox/76.0"
::1 - - [22/May/2020:12:43:10 +0000] "GET /api/getTotalPlantation HTTP/1.1" 304 - "-" "Mozilla/5.0 (Windows NT 10.0; Win64; x64; rv:76.0) Gecko/20100101 Firefox/76.0"
::1 - - [22/May/2020:12:43:10 +0000] "GET /api/getTotalPlantationEtatEgaleAUn HTTP/1.1" 304 - "-" "Mozilla/5.0 (Windows NT 10.0; Win64; x64; rv:76.0) Gecko/20100101 Firefox/76.0"
::1 - - [22/May/2020:12:43:10 +0000] "GET /api/getTotalMontantPercuAvecPlantationEtatEgaleAZero HTTP/1.1" 304 - "-" "Mozilla/5.0 (Windows NT 10.0; Win64; x64; rv:76.0) Gecko/20100101 Firefox/76.0"
::1 - - [22/May/2020:12:43:10 +0000] "GET /api/getTotalMontantPercu HTTP/1.1" 304 - "-" "Mozilla/5.0 (Windows NT 10.0; Win64; x64; rv:76.0) Gecko/20100101 Firefox/76.0"
::1 - - [22/May/2020:12:43:10 +0000] "GET /api/getTotalPlantationEtatEgaleADeux HTTP/1.1" 304 - "-" "Mozilla/5.0 (Windows NT 10.0; Win64; x64; rv:76.0) Gecko/20100101 Firefox/76.0"
::1 - - [22/May/2020:12:43:10 +0000] "GET /api/getTotalMontantPercuAvecPlantationEtatEgaleADeux HTTP/1.1" 304 - "-" "Mozilla/5.0 (Windows NT 10.0; Win64; x64; rv:76.0) Gecko/20100101 Firefox/76.0"
::1 - - [22/May/2020:12:43:10 +0000] "GET /api/getTotalMontantPrevisionnel HTTP/1.1" 304 - "-" "Mozilla/5.0 (Windows NT 10.0; Win64; x64; rv:76.0) Gecko/20100101 Firefox/76.0"
::1 - - [22/May/2020:12:43:10 +0000] "GET /api/getTotalMontantPercuAvecPlantationEtatEgaleAUn HTTP/1.1" 304 - "-" "Mozilla/5.0 (Windows NT 10.0; Win64; x64; rv:76.0) Gecko/20100101 Firefox/76.0"
::1 - - [22/May/2020:12:45:45 +0000] "GET /api/getTotalPlantationAvec1Paiement HTTP/1.1" 304 - "-" "Mozilla/5.0 (Windows NT 10.0; Win64; x64; rv:76.0) Gecko/20100101 Firefox/76.0"
::1 - - [22/May/2020:12:45:45 +0000] "GET /api/getTotalPlantationEtatEgaleAZero HTTP/1.1" 304 - "-" "Mozilla/5.0 (Windows NT 10.0; Win64; x64; rv:76.0) Gecko/20100101 Firefox/76.0"
::1 - - [22/May/2020:12:45:45 +0000] "GET /api/getTotalPlantation HTTP/1.1" 304 - "-" "Mozilla/5.0 (Windows NT 10.0; Win64; x64; rv:76.0) Gecko/20100101 Firefox/76.0"
::1 - - [22/May/2020:12:45:45 +0000] "GET /api/getTotalPlantationEtatEgaleAUn HTTP/1.1" 304 - "-" "Mozilla/5.0 (Windows NT 10.0; Win64; x64; rv:76.0) Gecko/20100101 Firefox/76.0"
::1 - - [22/May/2020:12:45:45 +0000] "GET /api/getTotalPlantationEtatEgaleADeux HTTP/1.1" 304 - "-" "Mozilla/5.0 (Windows NT 10.0; Win64; x64; rv:76.0) Gecko/20100101 Firefox/76.0"
::1 - - [22/May/2020:12:45:45 +0000] "GET /api/getTotalMontantPercu HTTP/1.1" 304 - "-" "Mozilla/5.0 (Windows NT 10.0; Win64; x64; rv:76.0) Gecko/20100101 Firefox/76.0"
::1 - - [22/May/2020:12:45:45 +0000] "GET /api/getTotalMontantPercuAvecPlantationEtatEgaleAZero HTTP/1.1" 304 - "-" "Mozilla/5.0 (Windows NT 10.0; Win64; x64; rv:76.0) Gecko/20100101 Firefox/76.0"
::1 - - [22/May/2020:12:45:45 +0000] "GET /api/getTotalMontantPercuAvecPlantationEtatEgaleADeux HTTP/1.1" 304 - "-" "Mozilla/5.0 (Windows NT 10.0; Win64; x64; rv:76.0) Gecko/20100101 Firefox/76.0"
::1 - - [22/May/2020:12:45:45 +0000] "GET /api/getTotalMontantPrevisionnel HTTP/1.1" 304 - "-" "Mozilla/5.0 (Windows NT 10.0; Win64; x64; rv:76.0) Gecko/20100101 Firefox/76.0"
::1 - - [22/May/2020:12:45:45 +0000] "GET /api/getTotalMontantPercuAvecPlantationEtatEgaleAUn HTTP/1.1" 304 - "-" "Mozilla/5.0 (Windows NT 10.0; Win64; x64; rv:76.0) Gecko/20100101 Firefox/76.0"
::1 - - [22/May/2020:12:49:43 +0000] "GET /api/getTotalPlantationAvec1Paiement HTTP/1.1" 304 - "-" "Mozilla/5.0 (Windows NT 10.0; Win64; x64; rv:76.0) Gecko/20100101 Firefox/76.0"
::1 - - [22/May/2020:12:49:43 +0000] "GET /api/getTotalPlantationEtatEgaleAZero HTTP/1.1" 304 - "-" "Mozilla/5.0 (Windows NT 10.0; Win64; x64; rv:76.0) Gecko/20100101 Firefox/76.0"
::1 - - [22/May/2020:12:49:43 +0000] "GET /api/getTotalPlantation HTTP/1.1" 304 - "-" "Mozilla/5.0 (Windows NT 10.0; Win64; x64; rv:76.0) Gecko/20100101 Firefox/76.0"
::1 - - [22/May/2020:12:49:43 +0000] "GET /api/getTotalPlantationEtatEgaleAUn HTTP/1.1" 304 - "-" "Mozilla/5.0 (Windows NT 10.0; Win64; x64; rv:76.0) Gecko/20100101 Firefox/76.0"
::1 - - [22/May/2020:12:49:43 +0000] "GET /api/getTotalMontantPercu HTTP/1.1" 304 - "-" "Mozilla/5.0 (Windows NT 10.0; Win64; x64; rv:76.0) Gecko/20100101 Firefox/76.0"
::1 - - [22/May/2020:12:49:43 +0000] "GET /api/getTotalPlantationEtatEgaleADeux HTTP/1.1" 304 - "-" "Mozilla/5.0 (Windows NT 10.0; Win64; x64; rv:76.0) Gecko/20100101 Firefox/76.0"
::1 - - [22/May/2020:12:49:43 +0000] "GET /api/getTotalMontantPrevisionnel HTTP/1.1" 304 - "-" "Mozilla/5.0 (Windows NT 10.0; Win64; x64; rv:76.0) Gecko/20100101 Firefox/76.0"
::1 - - [22/May/2020:12:49:43 +0000] "GET /api/getTotalMontantPercuAvecPlantationEtatEgaleAZero HTTP/1.1" 304 - "-" "Mozilla/5.0 (Windows NT 10.0; Win64; x64; rv:76.0) Gecko/20100101 Firefox/76.0"
::1 - - [22/May/2020:12:49:43 +0000] "GET /api/getTotalMontantPercuAvecPlantationEtatEgaleADeux HTTP/1.1" 304 - "-" "Mozilla/5.0 (Windows NT 10.0; Win64; x64; rv:76.0) Gecko/20100101 Firefox/76.0"
::1 - - [22/May/2020:12:49:43 +0000] "GET /api/getTotalMontantPercuAvecPlantationEtatEgaleAUn HTTP/1.1" 304 - "-" "Mozilla/5.0 (Windows NT 10.0; Win64; x64; rv:76.0) Gecko/20100101 Firefox/76.0"
::1 - - [22/May/2020:12:57:59 +0000] "GET /api/getTotalPlantationAvec1Paiement HTTP/1.1" 304 - "-" "Mozilla/5.0 (Windows NT 10.0; Win64; x64; rv:76.0) Gecko/20100101 Firefox/76.0"
::1 - - [22/May/2020:12:57:59 +0000] "GET /api/getTotalPlantationEtatEgaleAZero HTTP/1.1" 304 - "-" "Mozilla/5.0 (Windows NT 10.0; Win64; x64; rv:76.0) Gecko/20100101 Firefox/76.0"
::1 - - [22/May/2020:12:57:59 +0000] "GET /api/getTotalPlantationEtatEgaleAUn HTTP/1.1" 304 - "-" "Mozilla/5.0 (Windows NT 10.0; Win64; x64; rv:76.0) Gecko/20100101 Firefox/76.0"
::1 - - [22/May/2020:12:57:59 +0000] "GET /api/getTotalPlantation HTTP/1.1" 304 - "-" "Mozilla/5.0 (Windows NT 10.0; Win64; x64; rv:76.0) Gecko/20100101 Firefox/76.0"
::1 - - [22/May/2020:12:57:59 +0000] "GET /api/getTotalPlantationEtatEgaleADeux HTTP/1.1" 304 - "-" "Mozilla/5.0 (Windows NT 10.0; Win64; x64; rv:76.0) Gecko/20100101 Firefox/76.0"
::1 - - [22/May/2020:12:57:59 +0000] "GET /api/getTotalMontantPercu HTTP/1.1" 304 - "-" "Mozilla/5.0 (Windows NT 10.0; Win64; x64; rv:76.0) Gecko/20100101 Firefox/76.0"
::1 - - [22/May/2020:12:57:59 +0000] "GET /api/getTotalMontantPercuAvecPlantationEtatEgaleADeux HTTP/1.1" 304 - "-" "Mozilla/5.0 (Windows NT 10.0; Win64; x64; rv:76.0) Gecko/20100101 Firefox/76.0"
::1 - - [22/May/2020:12:57:59 +0000] "GET /api/getTotalMontantPercuAvecPlantationEtatEgaleAUn HTTP/1.1" 304 - "-" "Mozilla/5.0 (Windows NT 10.0; Win64; x64; rv:76.0) Gecko/20100101 Firefox/76.0"
::1 - - [22/May/2020:12:57:59 +0000] "GET /api/getTotalMontantPercuAvecPlantationEtatEgaleAZero HTTP/1.1" 304 - "-" "Mozilla/5.0 (Windows NT 10.0; Win64; x64; rv:76.0) Gecko/20100101 Firefox/76.0"
::1 - - [22/May/2020:12:57:59 +0000] "GET /api/getTotalMontantPrevisionnel HTTP/1.1" 304 - "-" "Mozilla/5.0 (Windows NT 10.0; Win64; x64; rv:76.0) Gecko/20100101 Firefox/76.0"
